traceLabelMaskManually.obj : error LNK2019: unresolved external symbol "void __cdecl cv::fastFree(void *)" (?fastFree@cv@@YAXPEAX@Z) referenced in function "public: __cdecl cv::Mat::~Mat(void)" (??1Mat@cv@@QEAA@XZ)
traceLabelMaskManually.obj : error LNK2019: unresolved external symbol "private: char * __cdecl cv::String::allocate(unsigned __int64)" (?allocate@String@cv@@AEAAPEAD_K@Z) referenced in function "public: __cdecl cv::String::String(char const *)" (??0String@cv@@QEAA@PEBD@Z)
traceLabelMaskManually.obj : error LNK2019: unresolved external symbol "private: void __cdecl cv::String::deallocate(void)" (?deallocate@String@cv@@AEAAXXZ) referenced in function "public: __cdecl cv::String::~String(void)" (??1String@cv@@QEAA@XZ)
traceLabelMaskManually.obj : error LNK2019: unresolved external symbol "void __cdecl cv::error(int,class cv::String const &,char const *,char const *,int)" (?error@cv@@YAXHAEBVString@1@PEBD1H@Z) referenced in function "public: __cdecl cv::Mat::Mat(class cv::Mat &&)" (??0Mat@cv@@QEAA@$$QEAV01@@Z)
traceLabelMaskManually.obj : error LNK2019: unresolved external symbol "class cv::_InputOutputArray const & __cdecl cv::noArray(void)" (?noArray@cv@@YAAEBV_InputOutputArray@1@XZ) referenced in function "void __cdecl onMouse(int,int,int,int,void *)" (?onMouse@@YAXHHHHPEAX@Z)
traceLabelMaskManually.obj : error LNK2019: unresolved external symbol "public: void __cdecl cv::Mat::copyTo(class cv::_OutputArray const &)const " (?copyTo@Mat@cv@@QEBAXAEBV_OutputArray@2@@Z) referenced in function "public: class cv::Mat __cdecl cv::Mat::clone(void)const " (?clone@Mat@cv@@QEBA?AV12@XZ)
traceLabelMaskManually.obj : error LNK2019: unresolved external symbol "public: void __cdecl cv::Mat::copyTo(class cv::_OutputArray const &,class cv::_InputArray const &)const " (?copyTo@Mat@cv@@QEBAXAEBV_OutputArray@2@AEBV_InputArray@2@@Z) referenced in function "void __cdecl onMouse(int,int,int,int,void *)" (?onMouse@@YAXHHHHPEAX@Z)
traceLabelMaskManually.obj : error LNK2019: unresolved external symbol "public: class cv::Mat & __cdecl cv::Mat::operator=(class cv::Scalar_<double> const &)" (??4Mat@cv@@QEAAAEAV01@AEBV?$Scalar_@N@1@@Z) referenced in function "public: __cdecl cv::Mat::Mat(class cv::Size_<int>,int,class cv::Scalar_<double> const &)" (??0Mat@cv@@QEAA@V?$Size_@H@1@HAEBV?$Scalar_@N@1@@Z)
traceLabelMaskManually.obj : error LNK2019: unresolved external symbol "public: void __cdecl cv::Mat::create(int,int const *,int)" (?create@Mat@cv@@QEAAXHPEBHH@Z) referenced in function "public: void __cdecl cv::Mat::create(int,int,int)" (?create@Mat@cv@@QEAAXHHH@Z)
traceLabelMaskManually.obj : error LNK2019: unresolved external symbol "public: void __cdecl cv::Mat::deallocate(void)" (?deallocate@Mat@cv@@QEAAXXZ) referenced in function "public: void __cdecl cv::Mat::release(void)" (?release@Mat@cv@@QEAAXXZ)
traceLabelMaskManually.obj : error LNK2019: unresolved external symbol "public: void __cdecl cv::Mat::copySize(class cv::Mat const &)" (?copySize@Mat@cv@@QEAAXAEBV12@@Z) referenced in function "public: __cdecl cv::Mat::Mat(class cv::Mat const &)" (??0Mat@cv@@QEAA@AEBV01@@Z)
traceLabelMaskManually.obj : error LNK2019: unresolved external symbol "void __cdecl cv::cvtColor(class cv::_InputArray const &,class cv::_OutputArray const &,int,int)" (?cvtColor@cv@@YAXAEBV_InputArray@1@AEBV_OutputArray@1@HH@Z) referenced in function main
traceLabelMaskManually.obj : error LNK2019: unresolved external symbol "void __cdecl cv::line(class cv::_InputOutputArray const &,class cv::Point_<int>,class cv::Point_<int>,class cv::Scalar_<double> const &,int,int,int)" (?line@cv@@YAXAEBV_InputOutputArray@1@V?$Point_@H@1@1AEBV?$Scalar_@N@1@HHH@Z) referenced in function "void __cdecl onMouse(int,int,int,int,void *)" (?onMouse@@YAXHHHHPEAX@Z)
traceLabelMaskManually.obj : error LNK2019: unresolved external symbol "void __cdecl cv::drawContours(class cv::_InputOutputArray const &,class cv::_InputArray const &,int,class cv::Scalar_<double> const &,int,int,class cv::_InputArray const &,int,class cv::Point_<int>)" (?drawContours@cv@@YAXAEBV_InputOutputArray@1@AEBV_InputArray@1@HAEBV?$Scalar_@N@1@HH1HV?$Point_@H@1@@Z) referenced in function "void __cdecl onMouse(int,int,int,int,void *)" (?onMouse@@YAXHHHHPEAX@Z)
traceLabelMaskManually.obj : error LNK2019: unresolved external symbol "class cv::Mat __cdecl cv::imread(class cv::String const &,int)" (?imread@cv@@YA?AVMat@1@AEBVString@1@H@Z) referenced in function main
traceLabelMaskManually.obj : error LNK2019: unresolved external symbol "void __cdecl cv::namedWindow(class cv::String const &,int)" (?namedWindow@cv@@YAXAEBVString@1@H@Z) referenced in function main
traceLabelMaskManually.obj : error LNK2019: unresolved external symbol "int __cdecl cv::waitKey(int)" (?waitKey@cv@@YAHH@Z) referenced in function main
traceLabelMaskManually.obj : error LNK2019: unresolved external symbol "void __cdecl cv::imshow(class cv::String const &,class cv::_InputArray const &)" (?imshow@cv@@YAXAEBVString@1@AEBV_InputArray@1@@Z) referenced in function "void __cdecl onMouse(int,int,int,int,void *)" (?onMouse@@YAXHHHHPEAX@Z)
traceLabelMaskManually.obj : error LNK2019: unresolved external symbol "void __cdecl cv::setMouseCallback(class cv::String const &,void (__cdecl*)(int,int,int,int,void *),void *)" (?setMouseCallback@cv@@YAXAEBVString@1@P6AXHHHHPEAX@Z1@Z) referenced in function main
C:\Users\hp\documents\visual studio 2015\Projects\opencv\traceLabelMaskManually\x64\Debug\traceLabelMaskManually.exe : fatal error LNK1120: 19 unresolved externals
